<?xml version="1.0" encoding="UTF-8"?>
<!-- Generated by org.testng.reporters.JUnitReportReporter -->
<testsuite ignored="0" hostname="DESKTOP-PDCNMD2" failures="0" tests="1" name="package01.Practice_class" time="0.010" errors="0" timestamp="23 Jun 2024 19:51:22 GMT" skipped="0">
  <testcase classname="package01.Practice_class" name="f" time="0.010"/>
</testsuite> <!-- package01.Practice_class -->
