<?xml version="1.0" encoding="UTF-8"?>
<!-- Generated by org.testng.reporters.JUnitReportReporter -->
<testsuite ignored="0" hostname="DESKTOP-PDCNMD2" failures="0" tests="1" name="assert1.BewkoofassertTest" time="10.418" errors="0" timestamp="25 Jun 2024 16:42:12 GMT" skipped="0">
  <testcase classname="assert1.BewkoofassertTest" name="f" time="10.418"/>
</testsuite> <!-- assert1.BewkoofassertTest -->
