<?xml version="1.0" encoding="UTF-8"?>
<!-- Generated by org.testng.reporters.JUnitReportReporter -->
<testsuite ignored="0" hostname="DESKTOP-PDCNMD2" failures="0" tests="1" name="packag01.For_listener" time="0.016" errors="0" timestamp="24 Jun 2024 07:29:57 GMT" skipped="0">
  <testcase classname="packag01.For_listener" name="f" time="0.016"/>
</testsuite> <!-- packag01.For_listener -->
