<?xml version="1.0" encoding="UTF-8"?>
<!-- Generated by org.testng.reporters.JUnitReportReporter -->
<testsuite ignored="0" hostname="DESKTOP-PDCNMD2" failures="0" tests="4" name="packag01.Bewakoof" time="1.007" errors="0" timestamp="25 Jun 2024 13:37:55 GMT" skipped="0">
  <testcase classname="packag01.Bewakoof" name="home_and_kithcen" time="0.202"/>
  <testcase classname="packag01.Bewakoof" name="Men_fashion" time="0.377"/>
  <testcase classname="packag01.Bewakoof" name="toy" time="0.240"/>
  <testcase classname="packag01.Bewakoof" name="women_fashion" time="0.188"/>
</testsuite> <!-- packag01.Bewakoof -->
